<?xml version="1.0" encoding="UTF-8"?>
<!-- Generated by org.testng.reporters.JUnitReportReporter -->
<testsuite hostname="dell-PC" name="com.xiaoneng.uiautotest.testsuits.testcases.web.testExamlpe" tests="2" failures="0" timestamp="26 Apr 2016 06:57:58 GMT" time="0.004" errors="2">
  <testcase name="HealthCheck" time="0.001" classname="com.xiaoneng.uiautotest.testsuits.testcases.web.testExamlpe">
    <error type="org.testng.TestNGException" message="
Parameter &#039;filePath&#039; is required by @Configuration on method beforeSuite but has not been marked @Optional or defined
in C:\Users\dell\Desktop\AutoTest\test-output\testng-failed.xml">
      <![CDATA[org.testng.TestNGException: 
Parameter 'filePath' is required by @Configuration on method beforeSuite but has not been marked @Optional or defined
in C:\Users\dell\Desktop\AutoTest\test-output\testng-failed.xml
	at org.testng.internal.Parameters.createParameters(Parameters.java:165)
	at org.testng.internal.Parameters.createParameters(Parameters.java:372)
	at org.testng.internal.Parameters.createConfigurationParameters(Parameters.java:90)
	at org.testng.internal.Invoker.invokeConfigurations(Invoker.java:199)
	at org.testng.internal.Invoker.invokeConfigurations(Invoker.java:140)
	at org.testng.SuiteRunner.privateRun(SuiteRunner.java:296)
	at org.testng.SuiteRunner.run(SuiteRunner.java:259)
	at org.testng.SuiteRunnerWorker.runSuite(SuiteRunnerWorker.java:52)
	at org.testng.SuiteRunnerWorker.run(SuiteRunnerWorker.java:86)
	at org.testng.TestNG.runSuitesSequentially(TestNG.java:1199)
	at org.testng.TestNG.runSuitesLocally(TestNG.java:1124)
	at org.testng.TestNG.run(TestNG.java:1032)
	at org.testng.remote.RemoteTestNG.run(RemoteTestNG.java:111)
	at org.testng.remote.RemoteTestNG.initAndRun(RemoteTestNG.java:204)
	at org.testng.remote.RemoteTestNG.main(RemoteTestNG.java:175)
]]>
    </error>
  </testcase> <!-- HealthCheck -->
  <testcase name="openbaidu" time="0.003" classname="com.xiaoneng.uiautotest.testsuits.testcases.web.testExamlpe">
    <error type="org.testng.TestNGException" message="
Parameter &#039;filePath&#039; is required by @Configuration on method beforeSuite but has not been marked @Optional or defined
in C:\Users\dell\Desktop\AutoTest\test-output\testng-failed.xml">
      <![CDATA[org.testng.TestNGException: 
Parameter 'filePath' is required by @Configuration on method beforeSuite but has not been marked @Optional or defined
in C:\Users\dell\Desktop\AutoTest\test-output\testng-failed.xml
	at org.testng.internal.Parameters.createParameters(Parameters.java:165)
	at org.testng.internal.Parameters.createParameters(Parameters.java:372)
	at org.testng.internal.Parameters.createConfigurationParameters(Parameters.java:90)
	at org.testng.internal.Invoker.invokeConfigurations(Invoker.java:199)
	at org.testng.internal.Invoker.invokeConfigurations(Invoker.java:140)
	at org.testng.SuiteRunner.privateRun(SuiteRunner.java:296)
	at org.testng.SuiteRunner.run(SuiteRunner.java:259)
	at org.testng.SuiteRunnerWorker.runSuite(SuiteRunnerWorker.java:52)
	at org.testng.SuiteRunnerWorker.run(SuiteRunnerWorker.java:86)
	at org.testng.TestNG.runSuitesSequentially(TestNG.java:1199)
	at org.testng.TestNG.runSuitesLocally(TestNG.java:1124)
	at org.testng.TestNG.run(TestNG.java:1032)
	at org.testng.remote.RemoteTestNG.run(RemoteTestNG.java:111)
	at org.testng.remote.RemoteTestNG.initAndRun(RemoteTestNG.java:204)
	at org.testng.remote.RemoteTestNG.main(RemoteTestNG.java:175)
]]>
    </error>
  </testcase> <!-- openbaidu -->
</testsuite> <!-- com.xiaoneng.uiautotest.testsuits.testcases.web.testExamlpe -->
