<?xml version="1.0" encoding="UTF-8"?>
<!-- Generated by org.testng.reporters.JUnitReportReporter -->
<testsuite hostname="dell-PC" name="com.xiaoneng.uiautotest.testsuits.testcases.app.Example_Tests" tests="1" failures="0" timestamp="28 Apr 2016 02:58:41 GMT" time="33.506" errors="0">
  <testcase name="exampleWeb" time="33.506" classname="com.xiaoneng.uiautotest.testsuits.testcases.app.Example_Tests"/>
</testsuite> <!-- com.xiaoneng.uiautotest.testsuits.testcases.app.Example_Tests -->
